2026-04-23 12:27:46,666 - DSECompanyScraper - INFO - SUCCESS: https://www.dsebd.org/by_industrylisting.php
2026-04-23 12:27:47,458 - DSECompanyScraper - INFO - SUCCESS: https://www.dsebd.org/companylistbyindustry.php?industryno=21
2026-04-23 12:27:47,675 - DSECompanyScraper - INFO - SUCCESS: https://www.dsebd.org/companylistbyindustry.php?industryno=11
2026-04-23 12:27:47,752 - DSECompanyScraper - INFO - SUCCESS: https://www.dsebd.org/companylistbyindustry.php?industryno=24
2026-04-23 12:27:48,270 - DSECompanyScraper - INFO - SUCCESS: https://www.dsebd.org/displayCompany.php?name=ARAMITCEM
2026-04-23 12:27:48,442 - DSECompanyScraper - INFO - SUCCESS: https://www.dsebd.org/displayCompany.php?name=HEIDELBCEM
2026-04-23 12:27:48,473 - DSECompanyScraper - INFO - SUCCESS: https://www.dsebd.org/displayCompany.php?name=BRACBANK
2026-04-23 12:27:48,550 - DSECompanyScraper - INFO - SUCCESS: https://www.dsebd.org/displayCompany.php?name=LHB
2026-04-23 12:27:48,669 - DSECompanyScraper - INFO - SUCCESS: https://www.dsebd.org/displayCompany.php?name=CROWNCEMNT
2026-04-23 12:27:48,978 - DSECompanyScraper - INFO - SUCCESS: https://www.dsebd.org/displayCompany.php?name=SPCERAMICS
2026-04-23 12:27:49,149 - DSECompanyScraper - INFO - SUCCESS: https://www.dsebd.org/displayCompany.php?name=CONFIDCEM
2026-04-23 12:27:49,183 - DSECompanyScraper - INFO - SUCCESS: https://www.dsebd.org/displayCompany.php?name=PREMIERCEM
2026-04-23 12:27:49,562 - DSECompanyScraper - INFO - SUCCESS: https://www.dsebd.org/displayCompany.php?name=STANCERAM
2026-04-23 12:27:49,830 - DSECompanyScraper - INFO - SUCCESS: https://www.dsebd.org/displayCompany.php?name=ALARABANK
2026-04-23 12:27:50,704 - DSECompanyScraper - INFO - SUCCESS: https://www.dsebd.org/displayCompany.php?name=BANKASIA
2026-04-23 12:27:50,708 - DSECompanyScraper - INFO - SUCCESS: https://www.dsebd.org/displayCompany.php?name=CITYBANK
2026-04-23 12:27:50,818 - DSECompanyScraper - INFO - SUCCESS: https://www.dsebd.org/displayCompany.php?name=DUTCHBANGL
2026-04-23 12:27:51,276 - DSECompanyScraper - INFO - SUCCESS: https://www.dsebd.org/displayCompany.php?name=FUWANGCER
2026-04-23 12:27:51,346 - DSECompanyScraper - INFO - SUCCESS: https://www.dsebd.org/displayCompany.php?name=MONNOCERA
2026-04-23 12:27:51,350 - DSECompanyScraper - INFO - SUCCESS: https://www.dsebd.org/displayCompany.php?name=MEGHNACEM
2026-04-23 12:27:51,959 - DSECompanyScraper - INFO - SUCCESS: https://www.dsebd.org/displayCompany.php?name=RAKCERAMIC
2026-04-23 12:27:52,399 - DSECompanyScraper - INFO - SUCCESS: https://www.dsebd.org/displayCompany.php?name=EXIMBANK
2026-04-23 12:27:52,399 - DSECompanyScraper - INFO - SUCCESS: https://www.dsebd.org/displayCompany.php?name=EBL
2026-04-23 12:27:52,720 - DSECompanyScraper - INFO - SUCCESS: https://www.dsebd.org/companylistbyindustry.php?industryno=13
2026-04-23 12:27:53,092 - DSECompanyScraper - INFO - SUCCESS: https://www.dsebd.org/companylistbyindustry.php?industryno=28
2026-04-23 12:27:53,299 - DSECompanyScraper - INFO - SUCCESS: https://www.dsebd.org/displayCompany.php?name=ABBANK
2026-04-23 12:27:53,353 - DSECompanyScraper - INFO - SUCCESS: https://www.dsebd.org/displayCompany.php?name=GIB
2026-04-23 12:27:53,530 - DSECompanyScraper - INFO - SUCCESS: https://www.dsebd.org/displayCompany.php?name=AZIZPIPES
2026-04-23 12:27:53,676 - DSECompanyScraper - INFO - SUCCESS: https://www.dsebd.org/displayCompany.php?name=AFTABAUTO
2026-04-23 12:27:53,835 - DSECompanyScraper - INFO - SUCCESS: https://www.dsebd.org/displayCompany.php?name=APOLOISPAT
2026-04-23 12:27:53,868 - DSECompanyScraper - INFO - SUCCESS: https://www.dsebd.org/displayCompany.php?name=BDFINANCE
2026-04-23 12:27:53,961 - DSECompanyScraper - INFO - SUCCESS: https://www.dsebd.org/displayCompany.php?name=BIFC
2026-04-23 12:27:54,015 - DSECompanyScraper - INFO - SUCCESS: https://www.dsebd.org/displayCompany.php?name=BAYLEASING
2026-04-23 12:27:54,036 - DSECompanyScraper - INFO - SUCCESS: https://www.dsebd.org/displayCompany.php?name=IFIC
2026-04-23 12:27:54,197 - DSECompanyScraper - INFO - SUCCESS: https://www.dsebd.org/displayCompany.php?name=DBH
2026-04-23 12:27:54,307 - DSECompanyScraper - INFO - SUCCESS: https://www.dsebd.org/displayCompany.php?name=ISLAMIBANK
2026-04-23 12:27:54,573 - DSECompanyScraper - INFO - SUCCESS: https://www.dsebd.org/displayCompany.php?name=ANWARGALV
2026-04-23 12:27:54,613 - DSECompanyScraper - INFO - SUCCESS: https://www.dsebd.org/displayCompany.php?name=BBS
2026-04-23 12:27:54,747 - DSECompanyScraper - INFO - SUCCESS: https://www.dsebd.org/displayCompany.php?name=FIRSTSBANK
2026-04-23 12:27:54,759 - DSECompanyScraper - INFO - SUCCESS: https://www.dsebd.org/displayCompany.php?name=GSPFINANCE
2026-04-23 12:27:54,792 - DSECompanyScraper - INFO - SUCCESS: https://www.dsebd.org/displayCompany.php?name=FAREASTFIN
2026-04-23 12:27:54,861 - DSECompanyScraper - INFO - SUCCESS: https://www.dsebd.org/displayCompany.php?name=BDAUTOCA
2026-04-23 12:27:54,866 - DSECompanyScraper - INFO - SUCCESS: https://www.dsebd.org/displayCompany.php?name=FASFIN
2026-04-23 12:27:54,992 - DSECompanyScraper - INFO - SUCCESS: https://www.dsebd.org/displayCompany.php?name=FIRSTFIN
2026-04-23 12:27:55,009 - DSECompanyScraper - INFO - SUCCESS: https://www.dsebd.org/displayCompany.php?name=ICB
2026-04-23 12:27:55,253 - DSECompanyScraper - INFO - SUCCESS: https://www.dsebd.org/displayCompany.php?name=BDTHAI
2026-04-23 12:27:55,418 - DSECompanyScraper - INFO - SUCCESS: https://www.dsebd.org/displayCompany.php?name=MERCANBANK
2026-04-23 12:27:55,503 - DSECompanyScraper - INFO - SUCCESS: https://www.dsebd.org/displayCompany.php?name=IDLC
2026-04-23 12:27:55,511 - DSECompanyScraper - INFO - SUCCESS: https://www.dsebd.org/displayCompany.php?name=MIDLANDBNK
2026-04-23 12:27:55,597 - DSECompanyScraper - INFO - SUCCESS: https://www.dsebd.org/displayCompany.php?name=ILFSL
2026-04-23 12:27:55,802 - DSECompanyScraper - INFO - SUCCESS: https://www.dsebd.org/displayCompany.php?name=BBSCABLES
2026-04-23 12:27:55,894 - DSECompanyScraper - INFO - SUCCESS: https://www.dsebd.org/displayCompany.php?name=IPDC
2026-04-23 12:27:56,038 - DSECompanyScraper - INFO - SUCCESS: https://www.dsebd.org/displayCompany.php?name=DHAKABANK
2026-04-23 12:27:56,132 - DSECompanyScraper - INFO - SUCCESS: https://www.dsebd.org/displayCompany.php?name=ICBIBANK
2026-04-23 12:27:56,173 - DSECompanyScraper - INFO - SUCCESS: https://www.dsebd.org/displayCompany.php?name=JAMUNABANK
2026-04-23 12:27:56,357 - DSECompanyScraper - INFO - SUCCESS: https://www.dsebd.org/displayCompany.php?name=BENGALWTL
2026-04-23 12:27:56,384 - DSECompanyScraper - INFO - SUCCESS: https://www.dsebd.org/displayCompany.php?name=ATLASBANG
2026-04-23 12:27:56,556 - DSECompanyScraper - INFO - SUCCESS: https://www.dsebd.org/displayCompany.php?name=BSRMLTD
2026-04-23 12:27:56,641 - DSECompanyScraper - INFO - SUCCESS: https://www.dsebd.org/displayCompany.php?name=NHFIL
2026-04-23 12:27:56,656 - DSECompanyScraper - INFO - SUCCESS: https://www.dsebd.org/displayCompany.php?name=MIDASFIN
2026-04-23 12:27:56,692 - DSECompanyScraper - INFO - SUCCESS: https://www.dsebd.org/displayCompany.php?name=PHOENIXFIN
2026-04-23 12:27:56,844 - DSECompanyScraper - INFO - SUCCESS: https://www.dsebd.org/displayCompany.php?name=BSRMSTEEL
2026-04-23 12:27:57,150 - DSECompanyScraper - INFO - SUCCESS: https://www.dsebd.org/displayCompany.php?name=NBL
2026-04-23 12:27:57,164 - DSECompanyScraper - INFO - SUCCESS: https://www.dsebd.org/displayCompany.php?name=NRBCBANK
2026-04-23 12:27:57,244 - DSECompanyScraper - INFO - SUCCESS: https://www.dsebd.org/displayCompany.php?name=NRBBANK
2026-04-23 12:27:57,363 - DSECompanyScraper - INFO - SUCCESS: https://www.dsebd.org/displayCompany.php?name=DESHBANDHU
2026-04-23 12:27:57,570 - DSECompanyScraper - INFO - SUCCESS: https://www.dsebd.org/displayCompany.php?name=PLFSL
2026-04-23 12:27:57,717 - DSECompanyScraper - INFO - SUCCESS: https://www.dsebd.org/displayCompany.php?name=PRIMEFIN
2026-04-23 12:27:57,719 - DSECompanyScraper - INFO - SUCCESS: https://www.dsebd.org/displayCompany.php?name=ECABLES
2026-04-23 12:27:57,852 - DSECompanyScraper - INFO - SUCCESS: https://www.dsebd.org/displayCompany.php?name=PREMIERLEA
2026-04-23 12:27:57,896 - DSECompanyScraper - INFO - SUCCESS: https://www.dsebd.org/displayCompany.php?name=DOMINAGE
2026-04-23 12:27:57,907 - DSECompanyScraper - INFO - SUCCESS: https://www.dsebd.org/displayCompany.php?name=LANKABAFIN
2026-04-23 12:27:57,960 - DSECompanyScraper - INFO - SUCCESS: https://www.dsebd.org/displayCompany.php?name=ONEBANKPLC
2026-04-23 12:27:57,990 - DSECompanyScraper - INFO - SUCCESS: https://www.dsebd.org/displayCompany.php?name=BDLAMPS
2026-04-23 12:27:58,169 - DSECompanyScraper - INFO - SUCCESS: https://www.dsebd.org/displayCompany.php?name=COPPERTECH
2026-04-23 12:27:58,188 - DSECompanyScraper - INFO - SUCCESS: https://www.dsebd.org/displayCompany.php?name=PREMIERBAN
2026-04-23 12:27:58,390 - DSECompanyScraper - INFO - SUCCESS: https://www.dsebd.org/displayCompany.php?name=GOLDENSON
2026-04-23 12:27:58,953 - DSECompanyScraper - INFO - SUCCESS: https://www.dsebd.org/displayCompany.php?name=KDSALTD
2026-04-23 12:27:59,041 - DSECompanyScraper - INFO - SUCCESS: https://www.dsebd.org/displayCompany.php?name=GPHISPAT
2026-04-23 12:27:59,199 - DSECompanyScraper - INFO - SUCCESS: https://www.dsebd.org/displayCompany.php?name=ISLAMICFIN
2026-04-23 12:27:59,303 - DSECompanyScraper - INFO - SUCCESS: https://www.dsebd.org/displayCompany.php?name=MTB
2026-04-23 12:27:59,400 - DSECompanyScraper - INFO - SUCCESS: https://www.dsebd.org/displayCompany.php?name=UNITEDFIN
2026-04-23 12:27:59,744 - DSECompanyScraper - INFO - SUCCESS: https://www.dsebd.org/displayCompany.php?name=KAY&QUE
2026-04-23 12:27:59,922 - DSECompanyScraper - INFO - SUCCESS: https://www.dsebd.org/displayCompany.php?name=MONNOAGML
2026-04-23 12:27:59,956 - DSECompanyScraper - INFO - SUCCESS: https://www.dsebd.org/displayCompany.php?name=MIRAKHTER
2026-04-23 12:27:59,961 - DSECompanyScraper - INFO - SUCCESS: https://www.dsebd.org/displayCompany.php?name=NAHEEACP
2026-04-23 12:28:00,090 - DSECompanyScraper - INFO - SUCCESS: https://www.dsebd.org/displayCompany.php?name=IFADAUTOS
2026-04-23 12:28:00,450 - DSECompanyScraper - INFO - SUCCESS: https://www.dsebd.org/displayCompany.php?name=SBACBANK
2026-04-23 12:28:00,904 - DSECompanyScraper - INFO - SUCCESS: https://www.dsebd.org/displayCompany.php?name=PRIMEBANK
2026-04-23 12:28:00,922 - DSECompanyScraper - INFO - SUCCESS: https://www.dsebd.org/displayCompany.php?name=UNIONCAP
2026-04-23 12:28:00,940 - DSECompanyScraper - INFO - SUCCESS: https://www.dsebd.org/displayCompany.php?name=NTLTUBES
2026-04-23 12:28:01,074 - DSECompanyScraper - INFO - SUCCESS: https://www.dsebd.org/displayCompany.php?name=NAVANACNG
2026-04-23 12:28:01,203 - DSECompanyScraper - INFO - SUCCESS: https://www.dsebd.org/displayCompany.php?name=OIMEX
2026-04-23 12:28:01,554 - DSECompanyScraper - INFO - SUCCESS: https://www.dsebd.org/displayCompany.php?name=OAL
2026-04-23 12:28:01,701 - DSECompanyScraper - INFO - SUCCESS: https://www.dsebd.org/displayCompany.php?name=SIBL
2026-04-23 12:28:01,743 - DSECompanyScraper - INFO - SUCCESS: https://www.dsebd.org/displayCompany.php?name=NCCBANK
2026-04-23 12:28:01,906 - DSECompanyScraper - INFO - SUCCESS: https://www.dsebd.org/displayCompany.php?name=RANFOUNDRY
2026-04-23 12:28:02,187 - DSECompanyScraper - INFO - SUCCESS: https://www.dsebd.org/displayCompany.php?name=RENWICKJA
2026-04-23 12:28:02,215 - DSECompanyScraper - INFO - SUCCESS: https://www.dsebd.org/displayCompany.php?name=SHAHJABANK
2026-04-23 12:28:02,401 - DSECompanyScraper - INFO - SUCCESS: https://www.dsebd.org/displayCompany.php?name=RSRMSTEEL
2026-04-23 12:28:02,897 - DSECompanyScraper - INFO - SUCCESS: https://www.dsebd.org/displayCompany.php?name=SALAMCRST
2026-04-23 12:28:03,155 - DSECompanyScraper - INFO - SUCCESS: https://www.dsebd.org/displayCompany.php?name=RUPALIBANK
2026-04-23 12:28:03,157 - DSECompanyScraper - INFO - SUCCESS: https://www.dsebd.org/displayCompany.php?name=RUNNERAUTO
2026-04-23 12:28:03,190 - DSECompanyScraper - INFO - SUCCESS: https://www.dsebd.org/displayCompany.php?name=UTTARAFIN
2026-04-23 12:28:05,209 - DSECompanyScraper - INFO - SUCCESS: https://www.dsebd.org/displayCompany.php?name=QUASEMIND
2026-04-23 12:28:05,210 - DSECompanyScraper - INFO - SUCCESS: https://www.dsebd.org/displayCompany.php?name=NPOLYMER
2026-04-23 12:28:05,211 - DSECompanyScraper - INFO - SUCCESS: https://www.dsebd.org/displayCompany.php?name=SHURWID
2026-04-23 12:28:05,211 - DSECompanyScraper - INFO - SUCCESS: https://www.dsebd.org/displayCompany.php?name=PUBALIBANK
2026-04-23 12:28:05,355 - DSECompanyScraper - INFO - SUCCESS: https://www.dsebd.org/displayCompany.php?name=UCB
2026-04-23 12:28:05,691 - DSECompanyScraper - INFO - SUCCESS: https://www.dsebd.org/displayCompany.php?name=SOUTHEASTB
2026-04-23 12:28:05,981 - DSECompanyScraper - INFO - SUCCESS: https://www.dsebd.org/displayCompany.php?name=WMSHIPYARD
2026-04-23 12:28:05,995 - DSECompanyScraper - INFO - SUCCESS: https://www.dsebd.org/displayCompany.php?name=STANDBANKL
2026-04-23 12:28:06,106 - DSECompanyScraper - INFO - SUCCESS: https://www.dsebd.org/displayCompany.php?name=UNIONBANK
2026-04-23 12:28:06,161 - DSECompanyScraper - INFO - SUCCESS: https://www.dsebd.org/companylistbyindustry.php?industryno=14
2026-04-23 12:28:06,238 - DSECompanyScraper - INFO - SUCCESS: https://www.dsebd.org/displayCompany.php?name=SINGERBD
2026-04-23 12:28:06,415 - DSECompanyScraper - INFO - SUCCESS: https://www.dsebd.org/displayCompany.php?name=UTTARABANK
2026-04-23 12:28:06,460 - DSECompanyScraper - INFO - SUCCESS: https://www.dsebd.org/displayCompany.php?name=SSSTEEL
2026-04-23 12:28:07,110 - DSECompanyScraper - INFO - SUCCESS: https://www.dsebd.org/displayCompany.php?name=WALTONHIL
2026-04-23 12:28:07,139 - DSECompanyScraper - INFO - SUCCESS: https://www.dsebd.org/displayCompany.php?name=BATBC
2026-04-23 12:28:07,178 - DSECompanyScraper - INFO - SUCCESS: https://www.dsebd.org/displayCompany.php?name=APEXFOODS
2026-04-23 12:28:07,320 - DSECompanyScraper - INFO - SUCCESS: https://www.dsebd.org/displayCompany.php?name=BDTHAIFOOD
2026-04-23 12:28:07,426 - DSECompanyScraper - INFO - SUCCESS: https://www.dsebd.org/displayCompany.php?name=BANGAS
2026-04-23 12:28:07,539 - DSECompanyScraper - INFO - SUCCESS: https://www.dsebd.org/displayCompany.php?name=TRUSTBANK
2026-04-23 12:28:10,759 - DSECompanyScraper - INFO - SUCCESS: https://www.dsebd.org/displayCompany.php?name=YPL
2026-04-23 12:28:10,760 - DSECompanyScraper - INFO - SUCCESS: https://www.dsebd.org/displayCompany.php?name=AMCL(PRAN)
2026-04-23 12:28:14,927 - DSECompanyScraper - INFO - SUCCESS: https://www.dsebd.org/displayCompany.php?name=BEACHHATCH
2026-04-23 12:28:14,927 - DSECompanyScraper - INFO - SUCCESS: https://www.dsebd.org/displayCompany.php?name=FINEFOODS
2026-04-23 12:28:14,928 - DSECompanyScraper - INFO - SUCCESS: https://www.dsebd.org/displayCompany.php?name=EMERALDOIL
2026-04-23 12:28:14,989 - DSECompanyScraper - INFO - SUCCESS: https://www.dsebd.org/companylistbyindustry.php?industryno=15
2026-04-23 12:28:15,165 - DSECompanyScraper - INFO - SUCCESS: https://www.dsebd.org/displayCompany.php?name=FUWANGFOOD
2026-04-23 12:28:15,812 - DSECompanyScraper - INFO - SUCCESS: https://www.dsebd.org/displayCompany.php?name=BARKAPOWER
2026-04-23 12:28:15,821 - DSECompanyScraper - INFO - SUCCESS: https://www.dsebd.org/displayCompany.php?name=CVOPRL
2026-04-23 12:28:15,992 - DSECompanyScraper - INFO - SUCCESS: https://www.dsebd.org/displayCompany.php?name=GEMINISEA
2026-04-23 12:28:15,997 - DSECompanyScraper - INFO - SUCCESS: https://www.dsebd.org/companylistbyindustry.php?industryno=25
2026-04-23 12:28:16,137 - DSECompanyScraper - INFO - SUCCESS: https://www.dsebd.org/displayCompany.php?name=MEGCONMILK
2026-04-23 12:28:16,203 - DSECompanyScraper - INFO - SUCCESS: https://www.dsebd.org/displayCompany.php?name=MEGHNAPET
2026-04-23 12:28:16,245 - DSECompanyScraper - INFO - SUCCESS: https://www.dsebd.org/displayCompany.php?name=BDWELDING
2026-04-23 12:28:16,440 - DSECompanyScraper - INFO - SUCCESS: https://www.dsebd.org/displayCompany.php?name=AOL
2026-04-23 12:28:16,653 - DSECompanyScraper - INFO - SUCCESS: https://www.dsebd.org/displayCompany.php?name=BPPL
2026-04-23 12:28:16,801 - DSECompanyScraper - INFO - SUCCESS: https://www.dsebd.org/displayCompany.php?name=DOREENPWR
2026-04-23 12:28:16,803 - DSECompanyScraper - INFO - SUCCESS: https://www.dsebd.org/displayCompany.php?name=LOVELLO
2026-04-23 12:28:16,857 - DSECompanyScraper - INFO - SUCCESS: https://www.dsebd.org/displayCompany.php?name=BNICL
2026-04-23 12:28:16,932 - DSECompanyScraper - INFO - SUCCESS: https://www.dsebd.org/displayCompany.php?name=DESCO
2026-04-23 12:28:17,053 - DSECompanyScraper - INFO - SUCCESS: https://www.dsebd.org/displayCompany.php?name=EASTRNLUB
2026-04-23 12:28:17,073 - DSECompanyScraper - INFO - SUCCESS: https://www.dsebd.org/displayCompany.php?name=NTC
2026-04-23 12:28:17,338 - DSECompanyScraper - INFO - SUCCESS: https://www.dsebd.org/displayCompany.php?name=GHAIL
2026-04-23 12:28:17,423 - DSECompanyScraper - INFO - SUCCESS: https://www.dsebd.org/displayCompany.php?name=GBBPOWER
2026-04-23 12:28:17,552 - DSECompanyScraper - INFO - SUCCESS: https://www.dsebd.org/displayCompany.php?name=INTRACO
2026-04-23 12:28:17,758 - DSECompanyScraper - INFO - SUCCESS: https://www.dsebd.org/displayCompany.php?name=EPGL
2026-04-23 12:28:17,833 - DSECompanyScraper - INFO - SUCCESS: https://www.dsebd.org/displayCompany.php?name=ASIAINS
2026-04-23 12:28:17,929 - DSECompanyScraper - INFO - SUCCESS: https://www.dsebd.org/displayCompany.php?name=KPCL
2026-04-23 12:28:18,164 - DSECompanyScraper - INFO - SUCCESS: https://www.dsebd.org/displayCompany.php?name=SHYAMPSUG
2026-04-23 12:28:18,455 - DSECompanyScraper - INFO - SUCCESS: https://www.dsebd.org/displayCompany.php?name=LINDEBD
2026-04-23 12:28:18,614 - DSECompanyScraper - INFO - SUCCESS: https://www.dsebd.org/displayCompany.php?name=CITYGENINS
2026-04-23 12:28:18,644 - DSECompanyScraper - INFO - SUCCESS: https://www.dsebd.org/displayCompany.php?name=LRBDL
2026-04-23 12:28:18,792 - DSECompanyScraper - INFO - SUCCESS: https://www.dsebd.org/displayCompany.php?name=MJLBD
2026-04-23 12:28:18,853 - DSECompanyScraper - INFO - SUCCESS: https://www.dsebd.org/displayCompany.php?name=CENTRALINS
2026-04-23 12:28:18,975 - DSECompanyScraper - INFO - SUCCESS: https://www.dsebd.org/displayCompany.php?name=BGIC
2026-04-23 12:28:18,980 - DSECompanyScraper - INFO - SUCCESS: https://www.dsebd.org/displayCompany.php?name=ASIAPACINS
2026-04-23 12:28:19,034 - DSECompanyScraper - INFO - SUCCESS: https://www.dsebd.org/displayCompany.php?name=OLYMPIC
2026-04-23 12:28:19,113 - DSECompanyScraper - INFO - SUCCESS: https://www.dsebd.org/displayCompany.php?name=RAHIMAFOOD
2026-04-23 12:28:19,486 - DSECompanyScraper - INFO - SUCCESS: https://www.dsebd.org/displayCompany.php?name=CLICL
2026-04-23 12:28:19,641 - DSECompanyScraper - INFO - SUCCESS: https://www.dsebd.org/displayCompany.php?name=CONTININS
2026-04-23 12:28:19,707 - DSECompanyScraper - INFO - SUCCESS: https://www.dsebd.org/displayCompany.php?name=AGRANINS
2026-04-23 12:28:19,783 - DSECompanyScraper - INFO - SUCCESS: https://www.dsebd.org/displayCompany.php?name=DELTALIFE
2026-04-23 12:28:19,788 - DSECompanyScraper - INFO - SUCCESS: https://www.dsebd.org/displayCompany.php?name=SPCL
2026-04-23 12:28:20,035 - DSECompanyScraper - INFO - SUCCESS: https://www.dsebd.org/displayCompany.php?name=UNILEVERCL
2026-04-23 12:28:20,141 - DSECompanyScraper - INFO - SUCCESS: https://www.dsebd.org/displayCompany.php?name=JAMUNAOIL
2026-04-23 12:28:20,350 - DSECompanyScraper - INFO - SUCCESS: https://www.dsebd.org/displayCompany.php?name=DHAKAINS
2026-04-23 12:28:20,352 - DSECompanyScraper - INFO - SUCCESS: https://www.dsebd.org/displayCompany.php?name=CRYSTALINS
2026-04-23 12:28:20,554 - DSECompanyScraper - INFO - SUCCESS: https://www.dsebd.org/displayCompany.php?name=EASTLAND
2026-04-23 12:28:20,703 - DSECompanyScraper - INFO - SUCCESS: https://www.dsebd.org/displayCompany.php?name=EASTERNINS
2026-04-23 12:28:20,748 - DSECompanyScraper - INFO - SUCCESS: https://www.dsebd.org/displayCompany.php?name=MPETROLEUM
2026-04-23 12:28:20,749 - DSECompanyScraper - INFO - SUCCESS: https://www.dsebd.org/displayCompany.php?name=RDFOOD
2026-04-23 12:28:20,808 - DSECompanyScraper - INFO - SUCCESS: https://www.dsebd.org/displayCompany.php?name=SUMITPOWER
2026-04-23 12:28:20,810 - DSECompanyScraper - INFO - SUCCESS: https://www.dsebd.org/displayCompany.php?name=DGIC
2026-04-23 12:28:21,003 - DSECompanyScraper - INFO - SUCCESS: https://www.dsebd.org/displayCompany.php?name=TITASGAS
2026-04-23 12:28:21,227 - DSECompanyScraper - INFO - SUCCESS: https://www.dsebd.org/displayCompany.php?name=PADMAOIL
2026-04-23 12:28:21,574 - DSECompanyScraper - INFO - SUCCESS: https://www.dsebd.org/displayCompany.php?name=FEDERALINS
2026-04-23 12:28:21,651 - DSECompanyScraper - INFO - SUCCESS: https://www.dsebd.org/displayCompany.php?name=UPGDCL
2026-04-23 12:28:21,723 - DSECompanyScraper - INFO - SUCCESS: https://www.dsebd.org/displayCompany.php?name=GREENDELT
2026-04-23 12:28:21,726 - DSECompanyScraper - INFO - SUCCESS: https://www.dsebd.org/displayCompany.php?name=EIL
2026-04-23 12:28:21,834 - DSECompanyScraper - INFO - SUCCESS: https://www.dsebd.org/displayCompany.php?name=GLOBALINS
2026-04-23 12:28:21,866 - DSECompanyScraper - INFO - SUCCESS: https://www.dsebd.org/displayCompany.php?name=ZEALBANGLA
2026-04-23 12:28:24,020 - DSECompanyScraper - INFO - SUCCESS: https://www.dsebd.org/displayCompany.php?name=POWERGRID
2026-04-23 12:28:24,021 - DSECompanyScraper - INFO - SUCCESS: https://www.dsebd.org/displayCompany.php?name=FAREASTLIF
2026-04-23 12:28:26,319 - DSECompanyScraper - INFO - SUCCESS: https://www.dsebd.org/displayCompany.php?name=JANATAINS
2026-04-23 12:28:26,320 - DSECompanyScraper - INFO - SUCCESS: https://www.dsebd.org/displayCompany.php?name=ICICL
2026-04-23 12:28:26,321 - DSECompanyScraper - INFO - SUCCESS: https://www.dsebd.org/displayCompany.php?name=KARNAPHULI
2026-04-23 12:28:26,396 - DSECompanyScraper - INFO - SUCCESS: https://www.dsebd.org/companylistbyindustry.php?industryno=22
2026-04-23 12:28:26,457 - DSECompanyScraper - INFO - SUCCESS: https://www.dsebd.org/displayCompany.php?name=ISLAMIINS
2026-04-23 12:28:27,180 - DSECompanyScraper - INFO - SUCCESS: https://www.dsebd.org/displayCompany.php?name=AAMRATECH
2026-04-23 12:28:27,206 - DSECompanyScraper - INFO - SUCCESS: https://www.dsebd.org/displayCompany.php?name=MEGHNAINS
2026-04-23 12:28:27,257 - DSECompanyScraper - INFO - SUCCESS: https://www.dsebd.org/displayCompany.php?name=MEGHNALIFE
2026-04-23 12:28:27,288 - DSECompanyScraper - INFO - SUCCESS: https://www.dsebd.org/displayCompany.php?name=NATLIFEINS
2026-04-23 12:28:27,299 - DSECompanyScraper - INFO - SUCCESS: https://www.dsebd.org/displayCompany.php?name=AAMRANET
2026-04-23 12:28:27,353 - DSECompanyScraper - INFO - SUCCESS: https://www.dsebd.org/companylistbyindustry.php?industryno=16
2026-04-23 12:28:27,699 - DSECompanyScraper - INFO - SUCCESS: https://www.dsebd.org/displayCompany.php?name=BDCOM
2026-04-23 12:28:28,138 - DSECompanyScraper - INFO - SUCCESS: https://www.dsebd.org/displayCompany.php?name=PARAMOUNT
2026-04-23 12:28:28,193 - DSECompanyScraper - INFO - SUCCESS: https://www.dsebd.org/displayCompany.php?name=NORTHRNINS
2026-04-23 12:28:28,282 - DSECompanyScraper - INFO - SUCCESS: https://www.dsebd.org/displayCompany.php?name=EGEN
2026-04-23 12:28:28,516 - DSECompanyScraper - INFO - SUCCESS: https://www.dsebd.org/displayCompany.php?name=GENEXIL
2026-04-23 12:28:28,544 - DSECompanyScraper - INFO - SUCCESS: https://www.dsebd.org/displayCompany.php?name=NORTHERN
2026-04-23 12:28:28,547 - DSECompanyScraper - INFO - SUCCESS: https://www.dsebd.org/displayCompany.php?name=ADNTEL
2026-04-23 12:28:28,548 - DSECompanyScraper - INFO - SUCCESS: https://www.dsebd.org/displayCompany.php?name=SONALIANSH
2026-04-23 12:28:29,111 - DSECompanyScraper - INFO - SUCCESS: https://www.dsebd.org/displayCompany.php?name=MERCINS
2026-04-23 12:28:29,333 - DSECompanyScraper - INFO - SUCCESS: https://www.dsebd.org/displayCompany.php?name=ITC
2026-04-23 12:28:29,549 - DSECompanyScraper - INFO - SUCCESS: https://www.dsebd.org/displayCompany.php?name=PADMALIFE
2026-04-23 12:28:29,553 - DSECompanyScraper - INFO - SUCCESS: https://www.dsebd.org/displayCompany.php?name=NITOLINS
2026-04-23 12:28:29,788 - DSECompanyScraper - INFO - SUCCESS: https://www.dsebd.org/displayCompany.php?name=AGNISYSL
2026-04-23 12:28:30,775 - DSECompanyScraper - INFO - SUCCESS: https://www.dsebd.org/displayCompany.php?name=PEOPLESINS
2026-04-23 12:28:31,035 - DSECompanyScraper - INFO - SUCCESS: https://www.dsebd.org/displayCompany.php?name=DAFODILCOM
2026-04-23 12:28:31,077 - DSECompanyScraper - INFO - SUCCESS: https://www.dsebd.org/displayCompany.php?name=JUTESPINN
2026-04-23 12:28:31,370 - DSECompanyScraper - INFO - SUCCESS: https://www.dsebd.org/displayCompany.php?name=PHENIXINS
2026-04-23 12:28:31,372 - DSECompanyScraper - INFO - SUCCESS: https://www.dsebd.org/displayCompany.php?name=ISNLTD
2026-04-23 12:28:31,481 - DSECompanyScraper - INFO - SUCCESS: https://www.dsebd.org/displayCompany.php?name=INTECH
2026-04-23 12:28:32,615 - DSECompanyScraper - INFO - SUCCESS: https://www.dsebd.org/companylistbyindustry.php?industryno=99
2026-04-23 12:28:32,750 - DSECompanyScraper - INFO - SUCCESS: https://www.dsebd.org/displayCompany.php?name=PRIMEINSUR
2026-04-23 12:28:33,058 - DSECompanyScraper - INFO - SUCCESS: https://www.dsebd.org/displayCompany.php?name=PIONEERINS
2026-04-23 12:28:33,324 - DSECompanyScraper - INFO - SUCCESS: https://www.dsebd.org/companylistbyindustry.php?industryno=12
2026-04-23 12:28:33,403 - DSECompanyScraper - INFO - SUCCESS: https://www.dsebd.org/displayCompany.php?name=PRAGATIINS
2026-04-23 12:28:33,564 - DSECompanyScraper - INFO - SUCCESS: https://www.dsebd.org/displayCompany.php?name=PRIMELIFE
2026-04-23 12:28:33,603 - DSECompanyScraper - INFO - SUCCESS: https://www.dsebd.org/displayCompany.php?name=BSC
2026-04-23 12:28:33,702 - DSECompanyScraper - INFO - SUCCESS: https://www.dsebd.org/displayCompany.php?name=AMANFEED
2026-04-23 12:28:33,862 - DSECompanyScraper - INFO - SUCCESS: https://www.dsebd.org/displayCompany.php?name=PRAGATILIF
2026-04-23 12:28:33,869 - DSECompanyScraper - INFO - SUCCESS: https://www.dsebd.org/displayCompany.php?name=BERGERPBL
2026-04-23 12:28:33,927 - DSECompanyScraper - INFO - SUCCESS: https://www.dsebd.org/displayCompany.php?name=PROGRESLIF
2026-04-23 12:28:34,088 - DSECompanyScraper - INFO - SUCCESS: https://www.dsebd.org/displayCompany.php?name=CAPITECGBF
2026-04-23 12:28:34,494 - DSECompanyScraper - INFO - SUCCESS: https://www.dsebd.org/displayCompany.php?name=HAMI
2026-04-23 12:28:34,624 - DSECompanyScraper - INFO - SUCCESS: https://www.dsebd.org/displayCompany.php?name=ABB1STMF
2026-04-23 12:28:34,827 - DSECompanyScraper - INFO - SUCCESS: https://www.dsebd.org/displayCompany.php?name=1STPRIMFMF
2026-04-23 12:28:34,900 - DSECompanyScraper - INFO - SUCCESS: https://www.dsebd.org/displayCompany.php?name=RELIANCINS
2026-04-23 12:28:34,919 - DSECompanyScraper - INFO - SUCCESS: https://www.dsebd.org/displayCompany.php?name=CAPMBDBLMF
2026-04-23 12:28:35,741 - DSECompanyScraper - INFO - SUCCESS: https://www.dsebd.org/displayCompany.php?name=POPULARLIF
2026-04-23 12:28:35,748 - DSECompanyScraper - INFO - SUCCESS: https://www.dsebd.org/displayCompany.php?name=CAPMIBBLMF
2026-04-23 12:28:35,819 - DSECompanyScraper - INFO - SUCCESS: https://www.dsebd.org/displayCompany.php?name=RUPALIINS
2026-04-23 12:28:35,847 - DSECompanyScraper - INFO - SUCCESS: https://www.dsebd.org/displayCompany.php?name=REPUBLIC
2026-04-23 12:28:35,876 - DSECompanyScraper - INFO - SUCCESS: https://www.dsebd.org/displayCompany.php?name=EBL1STMF
2026-04-23 12:28:36,252 - DSECompanyScraper - INFO - SUCCESS: https://www.dsebd.org/displayCompany.php?name=BEXIMCO
2026-04-23 12:28:36,264 - DSECompanyScraper - INFO - SUCCESS: https://www.dsebd.org/displayCompany.php?name=ARAMIT
2026-04-23 12:28:36,288 - DSECompanyScraper - INFO - SUCCESS: https://www.dsebd.org/displayCompany.php?name=PURABIGEN
2026-04-23 12:28:36,395 - DSECompanyScraper - INFO - SUCCESS: https://www.dsebd.org/displayCompany.php?name=PROVATIINS
2026-04-23 12:28:36,667 - DSECompanyScraper - INFO - SUCCESS: https://www.dsebd.org/displayCompany.php?name=SANDHANINS
2026-04-23 12:28:36,671 - DSECompanyScraper - INFO - SUCCESS: https://www.dsebd.org/displayCompany.php?name=SICL
2026-04-23 12:28:36,904 - DSECompanyScraper - INFO - SUCCESS: https://www.dsebd.org/displayCompany.php?name=RUPALILIFE
2026-04-23 12:28:36,926 - DSECompanyScraper - INFO - SUCCESS: https://www.dsebd.org/displayCompany.php?name=KBPPWBIL
2026-04-23 12:28:36,979 - DSECompanyScraper - INFO - SUCCESS: https://www.dsebd.org/displayCompany.php?name=GQBALLPEN
2026-04-23 12:28:37,034 - DSECompanyScraper - INFO - SUCCESS: https://www.dsebd.org/displayCompany.php?name=1JANATAMF
2026-04-23 12:28:37,284 - DSECompanyScraper - INFO - SUCCESS: https://www.dsebd.org/displayCompany.php?name=SLIPLC
2026-04-23 12:28:37,313 - DSECompanyScraper - INFO - SUCCESS: https://www.dsebd.org/displayCompany.php?name=MIRACLEIND
2026-04-23 12:28:37,315 - DSECompanyScraper - INFO - SUCCESS: https://www.dsebd.org/displayCompany.php?name=NFML
2026-04-23 12:28:37,341 - DSECompanyScraper - INFO - SUCCESS: https://www.dsebd.org/displayCompany.php?name=SIPLC
2026-04-23 12:28:37,485 - DSECompanyScraper - INFO - SUCCESS: https://www.dsebd.org/displayCompany.php?name=SONARBAINS
2026-04-23 12:28:37,608 - DSECompanyScraper - INFO - SUCCESS: https://www.dsebd.org/displayCompany.php?name=SINOBANGLA
2026-04-23 12:28:37,625 - DSECompanyScraper - INFO - SUCCESS: https://www.dsebd.org/displayCompany.php?name=INDEXAGRO
2026-04-23 12:28:38,020 - DSECompanyScraper - INFO - SUCCESS: https://www.dsebd.org/displayCompany.php?name=SAVAREFR
2026-04-23 12:28:38,183 - DSECompanyScraper - INFO - SUCCESS: https://www.dsebd.org/displayCompany.php?name=USMANIAGL
2026-04-23 12:28:38,286 - DSECompanyScraper - INFO - SUCCESS: https://www.dsebd.org/displayCompany.php?name=TILIL
2026-04-23 12:28:38,335 - DSECompanyScraper - INFO - SUCCESS: https://www.dsebd.org/displayCompany.php?name=EXIM1STMF
2026-04-23 12:28:39,164 - DSECompanyScraper - INFO - SUCCESS: https://www.dsebd.org/displayCompany.php?name=SKTRIMS
2026-04-23 12:28:40,540 - DSECompanyScraper - INFO - SUCCESS: https://www.dsebd.org/displayCompany.php?name=AIBL1STIMF
2026-04-23 12:28:40,540 - DSECompanyScraper - INFO - SUCCESS: https://www.dsebd.org/displayCompany.php?name=STANDARINS
2026-04-23 12:28:40,541 - DSECompanyScraper - INFO - SUCCESS: https://www.dsebd.org/displayCompany.php?name=SUNLIFEINS
2026-04-23 12:28:40,541 - DSECompanyScraper - INFO - SUCCESS: https://www.dsebd.org/displayCompany.php?name=EBLNRBMF
2026-04-23 12:28:40,632 - DSECompanyScraper - INFO - SUCCESS: https://www.dsebd.org/displayCompany.php?name=UNIONINS
2026-04-23 12:28:40,697 - DSECompanyScraper - INFO - SUCCESS: https://www.dsebd.org/displayCompany.php?name=GLDNJMF
2026-04-23 12:28:40,735 - DSECompanyScraper - INFO - SUCCESS: https://www.dsebd.org/displayCompany.php?name=UNITEDINS
2026-04-23 12:28:40,838 - DSECompanyScraper - INFO - SUCCESS: https://www.dsebd.org/displayCompany.php?name=DBH1STMF
2026-04-23 12:28:41,525 - DSECompanyScraper - INFO - SUCCESS: https://www.dsebd.org/companylistbyindustry.php?industryno=19
2026-04-23 12:28:41,611 - DSECompanyScraper - INFO - SUCCESS: https://www.dsebd.org/displayCompany.php?name=GRAMEENS2
2026-04-23 12:28:41,679 - DSECompanyScraper - INFO - SUCCESS: https://www.dsebd.org/displayCompany.php?name=ICB3RDNRB
2026-04-23 12:28:41,808 - DSECompanyScraper - INFO - SUCCESS: https://www.dsebd.org/displayCompany.php?name=ICBAGRANI1
2026-04-23 12:28:42,005 - DSECompanyScraper - INFO - SUCCESS: https://www.dsebd.org/displayCompany.php?name=FBFIF
2026-04-23 12:28:42,165 - DSECompanyScraper - INFO - SUCCESS: https://www.dsebd.org/displayCompany.php?name=TAKAFULINS
2026-04-23 12:28:47,494 - DSECompanyScraper - INFO - SUCCESS: https://www.dsebd.org/displayCompany.php?name=GREENDELMF
2026-04-23 12:28:47,630 - DSECompanyScraper - INFO - SUCCESS: https://www.dsebd.org/displayCompany.php?name=HAKKANIPUL
2026-04-23 12:28:47,704 - DSECompanyScraper - INFO - SUCCESS: https://www.dsebd.org/displayCompany.php?name=BPML
2026-04-23 12:28:47,721 - DSECompanyScraper - INFO - SUCCESS: https://www.dsebd.org/displayCompany.php?name=ICBSONALI1
2026-04-23 12:28:47,727 - DSECompanyScraper - INFO - SUCCESS: https://www.dsebd.org/displayCompany.php?name=ICBAMCL2ND
2026-04-23 12:28:47,753 - DSECompanyScraper - INFO - SUCCESS: https://www.dsebd.org/displayCompany.php?name=MAGURAPLEX
2026-04-23 12:28:47,949 - DSECompanyScraper - INFO - SUCCESS: https://www.dsebd.org/displayCompany.php?name=KPPL
2026-04-23 12:28:48,405 - DSECompanyScraper - INFO - SUCCESS: https://www.dsebd.org/displayCompany.php?name=IFIC1STMF
2026-04-23 12:28:48,555 - DSECompanyScraper - INFO - SUCCESS: https://www.dsebd.org/companylistbyindustry.php?industryno=18
2026-04-23 12:28:48,631 - DSECompanyScraper - INFO - SUCCESS: https://www.dsebd.org/displayCompany.php?name=SONALIPAPR
2026-04-23 12:28:48,631 - DSECompanyScraper - INFO - SUCCESS: https://www.dsebd.org/displayCompany.php?name=MBL1STMF
2026-04-23 12:28:48,825 - DSECompanyScraper - INFO - SUCCESS: https://www.dsebd.org/displayCompany.php?name=MONOSPOOL
2026-04-23 12:28:49,418 - DSECompanyScraper - INFO - SUCCESS: https://www.dsebd.org/displayCompany.php?name=LRGLOBMF1
2026-04-23 12:28:49,723 - DSECompanyScraper - INFO - SUCCESS: https://www.dsebd.org/displayCompany.php?name=ACIFORMULA
2026-04-23 12:28:49,752 - DSECompanyScraper - INFO - SUCCESS: https://www.dsebd.org/displayCompany.php?name=ACMEPL
2026-04-23 12:28:49,753 - DSECompanyScraper - INFO - SUCCESS: https://www.dsebd.org/displayCompany.php?name=ACMELAB
2026-04-23 12:28:49,767 - DSECompanyScraper - INFO - SUCCESS: https://www.dsebd.org/displayCompany.php?name=ACI
2026-04-23 12:28:49,809 - DSECompanyScraper - INFO - SUCCESS: https://www.dsebd.org/displayCompany.php?name=ICBEPMF1S1
2026-04-23 12:28:50,101 - DSECompanyScraper - INFO - SUCCESS: https://www.dsebd.org/companylistbyindustry.php?industryno=20
2026-04-23 12:28:50,200 - DSECompanyScraper - INFO - SUCCESS: https://www.dsebd.org/displayCompany.php?name=IFILISLMF1
2026-04-23 12:28:50,259 - DSECompanyScraper - INFO - SUCCESS: https://www.dsebd.org/displayCompany.php?name=PF1STMF
2026-04-23 12:28:50,436 - DSECompanyScraper - INFO - SUCCESS: https://www.dsebd.org/displayCompany.php?name=ADVENT
2026-04-23 12:28:50,497 - DSECompanyScraper - INFO - SUCCESS: https://www.dsebd.org/displayCompany.php?name=PHPMF1
2026-04-23 12:28:50,502 - DSECompanyScraper - INFO - SUCCESS: https://www.dsebd.org/displayCompany.php?name=AMBEEPHA
2026-04-23 12:28:50,818 - DSECompanyScraper - INFO - SUCCESS: https://www.dsebd.org/displayCompany.php?name=POPULAR1MF
2026-04-23 12:28:50,882 - DSECompanyScraper - INFO - SUCCESS: https://www.dsebd.org/displayCompany.php?name=ASIATICLAB
2026-04-23 12:28:50,945 - DSECompanyScraper - INFO - SUCCESS: https://www.dsebd.org/displayCompany.php?name=AFCAGRO
2026-04-23 12:28:51,033 - DSECompanyScraper - INFO - SUCCESS: https://www.dsebd.org/displayCompany.php?name=SAPORTL
2026-04-23 12:28:51,156 - DSECompanyScraper - INFO - SUCCESS: https://www.dsebd.org/displayCompany.php?name=BEACONPHAR
2026-04-23 12:28:51,337 - DSECompanyScraper - INFO - SUCCESS: https://www.dsebd.org/displayCompany.php?name=SAIFPOWER
2026-04-23 12:28:51,360 - DSECompanyScraper - INFO - SUCCESS: https://www.dsebd.org/displayCompany.php?name=NCCBLMF1
2026-04-23 12:28:51,447 - DSECompanyScraper - INFO - SUCCESS: https://www.dsebd.org/displayCompany.php?name=RELIANCE1
2026-04-23 12:28:51,720 - DSECompanyScraper - INFO - SUCCESS: https://www.dsebd.org/displayCompany.php?name=PRIME1ICBA
2026-04-23 12:28:52,086 - DSECompanyScraper - INFO - SUCCESS: https://www.dsebd.org/displayCompany.php?name=ACTIVEFINE
2026-04-23 12:28:52,124 - DSECompanyScraper - INFO - SUCCESS: https://www.dsebd.org/displayCompany.php?name=GHCL
2026-04-23 12:28:52,243 - DSECompanyScraper - INFO - SUCCESS: https://www.dsebd.org/displayCompany.php?name=FARCHEM
2026-04-23 12:28:52,343 - DSECompanyScraper - INFO - SUCCESS: https://www.dsebd.org/displayCompany.php?name=SEMLFBSLGF
2026-04-23 12:28:52,395 - DSECompanyScraper - INFO - SUCCESS: https://www.dsebd.org/displayCompany.php?name=SEMLLECMF
2026-04-23 12:28:52,711 - DSECompanyScraper - INFO - SUCCESS: https://www.dsebd.org/displayCompany.php?name=SEMLIBBLSF
2026-04-23 12:28:52,952 - DSECompanyScraper - INFO - SUCCESS: https://www.dsebd.org/displayCompany.php?name=TRUSTB1MF
2026-04-23 12:28:53,134 - DSECompanyScraper - INFO - SUCCESS: https://www.dsebd.org/displayCompany.php?name=IBP
2026-04-23 12:28:53,184 - DSECompanyScraper - INFO - SUCCESS: https://www.dsebd.org/displayCompany.php?name=IBNSINA
2026-04-23 12:28:53,319 - DSECompanyScraper - INFO - SUCCESS: https://www.dsebd.org/displayCompany.php?name=CENTRALPHL
2026-04-23 12:28:53,327 - DSECompanyScraper - INFO - SUCCESS: https://www.dsebd.org/displayCompany.php?name=EHL
2026-04-23 12:28:53,399 - DSECompanyScraper - INFO - SUCCESS: https://www.dsebd.org/displayCompany.php?name=VAMLRBBF
2026-04-23 12:28:53,672 - DSECompanyScraper - INFO - SUCCESS: https://www.dsebd.org/displayCompany.php?name=JHRML
2026-04-23 12:28:53,684 - DSECompanyScraper - INFO - SUCCESS: https://www.dsebd.org/displayCompany.php?name=SAMORITA
2026-04-23 12:28:54,064 - DSECompanyScraper - INFO - SUCCESS: https://www.dsebd.org/displayCompany.php?name=BXPHARMA
2026-04-23 12:28:54,065 - DSECompanyScraper - INFO - SUCCESS: https://www.dsebd.org/displayCompany.php?name=VAMLBDMF1
2026-04-23 12:28:57,455 - DSECompanyScraper - INFO - SUCCESS: https://www.dsebd.org/displayCompany.php?name=JMISMDL
2026-04-23 12:28:57,456 - DSECompanyScraper - INFO - SUCCESS: https://www.dsebd.org/displayCompany.php?name=KEYACOSMET
2026-04-23 12:28:57,456 - DSECompanyScraper - INFO - SUCCESS: https://www.dsebd.org/displayCompany.php?name=KOHINOOR
2026-04-23 12:28:57,518 - DSECompanyScraper - INFO - SUCCESS: https://www.dsebd.org/companylistbyindustry.php?industryno=23
2026-04-23 12:28:57,691 - DSECompanyScraper - INFO - SUCCESS: https://www.dsebd.org/displayCompany.php?name=LIBRAINFU
2026-04-23 12:28:58,112 - DSECompanyScraper - INFO - SUCCESS: https://www.dsebd.org/displayCompany.php?name=MARICO
2026-04-23 12:28:58,293 - DSECompanyScraper - INFO - SUCCESS: https://www.dsebd.org/displayCompany.php?name=LEGACYFOOT
2026-04-23 12:28:58,311 - DSECompanyScraper - INFO - SUCCESS: https://www.dsebd.org/companylistbyindustry.php?industryno=27
2026-04-23 12:28:58,400 - DSECompanyScraper - INFO - SUCCESS: https://www.dsebd.org/displayCompany.php?name=BATASHOE
2026-04-23 12:28:58,424 - DSECompanyScraper - INFO - SUCCESS: https://www.dsebd.org/displayCompany.php?name=ORIONPHARM
2026-04-23 12:28:58,508 - DSECompanyScraper - INFO - SUCCESS: https://www.dsebd.org/displayCompany.php?name=ORIONINFU
2026-04-23 12:28:58,593 - DSECompanyScraper - INFO - SUCCESS: https://www.dsebd.org/displayCompany.php?name=NAVANAPHAR
2026-04-23 12:28:58,678 - DSECompanyScraper - INFO - SUCCESS: https://www.dsebd.org/displayCompany.php?name=APEXFOOT
2026-04-23 12:28:59,123 - DSECompanyScraper - INFO - SUCCESS: https://www.dsebd.org/displayCompany.php?name=SAMATALETH
2026-04-23 12:28:59,190 - DSECompanyScraper - INFO - SUCCESS: https://www.dsebd.org/displayCompany.php?name=GP
2026-04-23 12:28:59,337 - DSECompanyScraper - INFO - SUCCESS: https://www.dsebd.org/displayCompany.php?name=RENATA
2026-04-23 12:28:59,348 - DSECompanyScraper - INFO - SUCCESS: https://www.dsebd.org/displayCompany.php?name=FORTUNE
2026-04-23 12:28:59,439 - DSECompanyScraper - INFO - SUCCESS: https://www.dsebd.org/displayCompany.php?name=BSCPLC
2026-04-23 12:28:59,445 - DSECompanyScraper - INFO - SUCCESS: https://www.dsebd.org/displayCompany.php?name=ROBI
2026-04-23 12:28:59,700 - DSECompanyScraper - INFO - SUCCESS: https://www.dsebd.org/displayCompany.php?name=SILCOPHL
2026-04-23 12:29:00,378 - DSECompanyScraper - INFO - SUCCESS: https://www.dsebd.org/companylistbyindustry.php?industryno=17
2026-04-23 12:29:00,904 - DSECompanyScraper - INFO - SUCCESS: https://www.dsebd.org/displayCompany.php?name=SQURPHARMA
2026-04-23 12:29:01,195 - DSECompanyScraper - INFO - SUCCESS: https://www.dsebd.org/displayCompany.php?name=RECKITTBEN
2026-04-23 12:29:01,206 - DSECompanyScraper - INFO - SUCCESS: https://www.dsebd.org/displayCompany.php?name=PHARMAID
2026-04-23 12:29:01,355 - DSECompanyScraper - INFO - SUCCESS: https://www.dsebd.org/displayCompany.php?name=SILVAPHL
2026-04-23 12:29:01,457 - DSECompanyScraper - INFO - SUCCESS: https://www.dsebd.org/displayCompany.php?name=AL-HAJTEX
2026-04-23 12:29:01,512 - DSECompanyScraper - INFO - SUCCESS: https://www.dsebd.org/displayCompany.php?name=ALIF
2026-04-23 12:29:01,518 - DSECompanyScraper - INFO - SUCCESS: https://www.dsebd.org/displayCompany.php?name=APEXTANRY
2026-04-23 12:29:02,098 - DSECompanyScraper - INFO - SUCCESS: https://www.dsebd.org/displayCompany.php?name=SALVO
2026-04-23 12:29:02,099 - DSECompanyScraper - INFO - SUCCESS: https://www.dsebd.org/displayCompany.php?name=TECHNODRUG
2026-04-23 12:29:02,165 - DSECompanyScraper - INFO - SUCCESS: https://www.dsebd.org/displayCompany.php?name=AIL
2026-04-23 12:29:02,320 - DSECompanyScraper - INFO - SUCCESS: https://www.dsebd.org/displayCompany.php?name=WATACHEM
2026-04-23 12:29:05,499 - DSECompanyScraper - INFO - SUCCESS: https://www.dsebd.org/displayCompany.php?name=APEXSPINN
2026-04-23 12:29:05,500 - DSECompanyScraper - INFO - SUCCESS: https://www.dsebd.org/displayCompany.php?name=ANLIMAYARN
2026-04-23 12:29:05,501 - DSECompanyScraper - INFO - SUCCESS: https://www.dsebd.org/displayCompany.php?name=ACFL
2026-04-23 12:29:05,502 - DSECompanyScraper - INFO - SUCCESS: https://www.dsebd.org/displayCompany.php?name=ALLTEX
2026-04-23 12:29:05,563 - DSECompanyScraper - INFO - SUCCESS: https://www.dsebd.org/companylistbyindustry.php?industryno=29
2026-04-23 12:29:05,703 - DSECompanyScraper - INFO - SUCCESS: https://www.dsebd.org/displayCompany.php?name=ARGONDENIM
2026-04-23 12:29:06,265 - DSECompanyScraper - INFO - SUCCESS: https://www.dsebd.org/displayCompany.php?name=DACCADYE
2026-04-23 12:29:06,363 - DSECompanyScraper - INFO - SUCCESS: https://www.dsebd.org/displayCompany.php?name=BESTHLDNG
2026-04-23 12:29:06,416 - DSECompanyScraper - INFO - SUCCESS: https://www.dsebd.org/displayCompany.php?name=DELTASPINN
2026-04-23 12:29:06,475 - DSECompanyScraper - INFO - SUCCESS: https://www.dsebd.org/displayCompany.php?name=PENINSULA
2026-04-23 12:29:06,499 - DSECompanyScraper - INFO - SUCCESS: https://www.dsebd.org/displayCompany.php?name=UNIQUEHRL
2026-04-23 12:29:06,608 - DSECompanyScraper - INFO - SUCCESS: https://www.dsebd.org/displayCompany.php?name=CNATEX
2026-04-23 12:29:06,816 - DSECompanyScraper - INFO - SUCCESS: https://www.dsebd.org/displayCompany.php?name=SEAPEARL
2026-04-23 12:29:07,409 - DSECompanyScraper - INFO - SUCCESS: https://www.dsebd.org/displayCompany.php?name=ENVOYTEX
2026-04-23 12:29:07,794 - DSECompanyScraper - INFO - SUCCESS: https://www.dsebd.org/displayCompany.php?name=ESQUIRENIT
2026-04-23 12:29:08,018 - DSECompanyScraper - INFO - SUCCESS: https://www.dsebd.org/displayCompany.php?name=DSSL
2026-04-23 12:29:08,143 - DSECompanyScraper - INFO - SUCCESS: https://www.dsebd.org/displayCompany.php?name=ETL
2026-04-23 12:29:08,882 - DSECompanyScraper - INFO - SUCCESS: https://www.dsebd.org/displayCompany.php?name=FAMILYTEX
2026-04-23 12:29:08,948 - DSECompanyScraper - INFO - SUCCESS: https://www.dsebd.org/displayCompany.php?name=DSHGARME
2026-04-23 12:29:08,976 - DSECompanyScraper - INFO - SUCCESS: https://www.dsebd.org/displayCompany.php?name=GENNEXT
2026-04-23 12:29:09,130 - DSECompanyScraper - INFO - SUCCESS: https://www.dsebd.org/displayCompany.php?name=BDSERVICE
2026-04-23 12:29:09,591 - DSECompanyScraper - INFO - SUCCESS: https://www.dsebd.org/displayCompany.php?name=FEKDIL
2026-04-23 12:29:10,056 - DSECompanyScraper - INFO - SUCCESS: https://www.dsebd.org/displayCompany.php?name=HWAWELLTEX
2026-04-23 12:29:10,164 - DSECompanyScraper - INFO - SUCCESS: https://www.dsebd.org/displayCompany.php?name=HFL
2026-04-23 12:29:10,351 - DSECompanyScraper - INFO - SUCCESS: https://www.dsebd.org/displayCompany.php?name=KTL
2026-04-23 12:29:10,906 - DSECompanyScraper - INFO - SUCCESS: https://www.dsebd.org/displayCompany.php?name=MAKSONSPIN
2026-04-23 12:29:11,017 - DSECompanyScraper - INFO - SUCCESS: https://www.dsebd.org/displayCompany.php?name=MALEKSPIN
2026-04-23 12:29:11,320 - DSECompanyScraper - INFO - SUCCESS: https://www.dsebd.org/displayCompany.php?name=MATINSPINN
2026-04-23 12:29:11,664 - DSECompanyScraper - INFO - SUCCESS: https://www.dsebd.org/displayCompany.php?name=METROSPIN
2026-04-23 12:29:12,096 - DSECompanyScraper - INFO - SUCCESS: https://www.dsebd.org/displayCompany.php?name=MHSML
2026-04-23 12:29:12,121 - DSECompanyScraper - INFO - SUCCESS: https://www.dsebd.org/displayCompany.php?name=DULAMIACOT
2026-04-23 12:29:12,198 - DSECompanyScraper - INFO - SUCCESS: https://www.dsebd.org/displayCompany.php?name=HRTEX
2026-04-23 12:29:12,199 - DSECompanyScraper - INFO - SUCCESS: https://www.dsebd.org/displayCompany.php?name=MITHUNKNIT
2026-04-23 12:29:12,428 - DSECompanyScraper - INFO - SUCCESS: https://www.dsebd.org/displayCompany.php?name=MLDYEING
2026-04-23 12:29:13,154 - DSECompanyScraper - INFO - SUCCESS: https://www.dsebd.org/displayCompany.php?name=NEWLINE
2026-04-23 12:29:13,219 - DSECompanyScraper - INFO - SUCCESS: https://www.dsebd.org/displayCompany.php?name=PRIMETEX
2026-04-23 12:29:13,849 - DSECompanyScraper - INFO - SUCCESS: https://www.dsebd.org/displayCompany.php?name=MONNOFABR
2026-04-23 12:29:13,994 - DSECompanyScraper - INFO - SUCCESS: https://www.dsebd.org/displayCompany.php?name=PDL
2026-04-23 12:29:14,053 - DSECompanyScraper - INFO - SUCCESS: https://www.dsebd.org/displayCompany.php?name=PTL
2026-04-23 12:29:14,102 - DSECompanyScraper - INFO - SUCCESS: https://www.dsebd.org/displayCompany.php?name=QUEENSOUTH
2026-04-23 12:29:14,718 - DSECompanyScraper - INFO - SUCCESS: https://www.dsebd.org/displayCompany.php?name=RAHIMTEXT
2026-04-23 12:29:14,996 - DSECompanyScraper - INFO - SUCCESS: https://www.dsebd.org/displayCompany.php?name=REGENTTEX
2026-04-23 12:29:15,072 - DSECompanyScraper - INFO - SUCCESS: https://www.dsebd.org/displayCompany.php?name=NURANI
2026-04-23 12:29:15,199 - DSECompanyScraper - INFO - SUCCESS: https://www.dsebd.org/displayCompany.php?name=SAFKOSPINN
2026-04-23 12:29:15,752 - DSECompanyScraper - INFO - SUCCESS: https://www.dsebd.org/displayCompany.php?name=SAIHAMTEX
2026-04-23 12:29:15,957 - DSECompanyScraper - INFO - SUCCESS: https://www.dsebd.org/displayCompany.php?name=RINGSHINE
2026-04-23 12:29:16,379 - DSECompanyScraper - INFO - SUCCESS: https://www.dsebd.org/displayCompany.php?name=SHASHADNIM
2026-04-23 12:29:16,738 - DSECompanyScraper - INFO - SUCCESS: https://www.dsebd.org/displayCompany.php?name=SHEPHERD
2026-04-23 12:29:17,467 - DSECompanyScraper - INFO - SUCCESS: https://www.dsebd.org/displayCompany.php?name=SONARGAON
2026-04-23 12:29:17,850 - DSECompanyScraper - INFO - SUCCESS: https://www.dsebd.org/displayCompany.php?name=SQUARETEXT
2026-04-23 12:29:18,243 - DSECompanyScraper - INFO - SUCCESS: https://www.dsebd.org/displayCompany.php?name=SAIHAMCOT
2026-04-23 12:29:18,555 - DSECompanyScraper - INFO - SUCCESS: https://www.dsebd.org/displayCompany.php?name=STYLECRAFT
2026-04-23 12:29:20,557 - DSECompanyScraper - INFO - SUCCESS: https://www.dsebd.org/displayCompany.php?name=TALLUSPIN
2026-04-23 12:29:20,668 - DSECompanyScraper - INFO - SUCCESS: https://www.dsebd.org/displayCompany.php?name=TOSRIFA
2026-04-23 12:29:20,798 - DSECompanyScraper - INFO - SUCCESS: https://www.dsebd.org/displayCompany.php?name=SHARPIND
2026-04-23 12:29:20,899 - DSECompanyScraper - INFO - SUCCESS: https://www.dsebd.org/displayCompany.php?name=SIMTEX
2026-04-23 12:29:21,554 - DSECompanyScraper - INFO - SUCCESS: https://www.dsebd.org/displayCompany.php?name=ZAHEENSPIN
2026-04-23 12:29:21,590 - DSECompanyScraper - INFO - SUCCESS: https://www.dsebd.org/displayCompany.php?name=TUNGHAI
2026-04-23 12:29:21,799 - DSECompanyScraper - INFO - SUCCESS: https://www.dsebd.org/displayCompany.php?name=VFSTDL
2026-04-23 12:29:21,830 - DSECompanyScraper - INFO - SUCCESS: https://www.dsebd.org/displayCompany.php?name=ZAHINTEX
2026-04-23 12:29:21,902 - DSECompanyScraper - INFO - SUCCESS: https://www.dsebd.org/displayCompany.php?name=TAMIJTEX
